Using pre-set license
Built from '2020.3/staging' branch; Version is '2020.3.11f1 (99c7afb366b3) revision 10078127'; Using compiler version '192528614'; Build Type 'Release'
OS: 'Windows 10 Pro; OS build 17134.228; Version 1803; 64bit' Language: 'en' Physical Memory: 16269 MB
BatchMode: 1, IsHumanControllingUs: 0, StartBugReporterOnCrash: 0, Is64bit: 1, IsPro: 0

 COMMAND LINE ARGUMENTS:
A:\Program Files\Unity\Editor\Unity.exe
-adb2
-batchMode
-noUpm
-name
AssetImportWorker0
-projectPath
C:/Users/Ryan/source/Repositories/UnityTaktician/Tak
-logFile
Logs/AssetImportWorker0.log
-srvPort
50937
Successfully changed project path to: C:/Users/Ryan/source/Repositories/UnityTaktician/Tak
C:/Users/Ryan/source/Repositories/UnityTaktician/Tak
Using Asset Import Pipeline V2.
Refreshing native plugins compatible for Editor in 61.07 ms, found 2 plugins.
Preloading 0 native plugins for Editor in 0.00 ms.
Initialize engine version: 2020.3.11f1 (99c7afb366b3)
[Subsystems] Discovering subsystems at path A:/Program Files/Unity/Editor/Data/Resources/UnitySubsystems
[Subsystems] Discovering subsystems at path C:/Users/Ryan/source/Repositories/UnityTaktician/Tak/Assets
GfxDevice: creating device client; threaded=0
Direct3D:
    Version:  Direct3D 11.0 [level 11.0]
    Renderer: NVIDIA GeForce GTX 750 Ti (ID=0x1380)
    Vendor:   
    VRAM:     2007 MB
    Driver:   27.21.14.6627
Initialize mono
Mono path[0] = 'A:/Program Files/Unity/Editor/Data/Managed'
Mono path[1] = 'A:/Program Files/Unity/Editor/Data/MonoBleedingEdge/lib/mono/unityjit'
Mono config path = 'A:/Program Files/Unity/Editor/Data/MonoBleedingEdge/etc'
Using monoOptions --debugger-agent=transport=dt_socket,embedding=1,server=y,suspend=n,address=127.0.0.1:56236
Begin MonoManager ReloadAssembly
Registering precompiled unity dll's ...
Register platform support module: A:/Program Files/Unity/Editor/Data/PlaybackEngines/WindowsStandaloneSupport/UnityEditor.WindowsStandalone.Extensions.dll
Registered in 0.001578 seconds.
Native extension for WindowsStandalone target not found
Refreshing native plugins compatible for Editor in 53.74 ms, found 2 plugins.
Preloading 0 native plugins for Editor in 0.00 ms.
Mono: successfully reloaded assembly
- Completed reload, in  1.341 seconds
Platform modules already initialized, skipping
Registering precompiled user dll's ...
Registered in 0.014650 seconds.
Begin MonoManager ReloadAssembly
Native extension for WindowsStandalone target not found
Refreshing native plugins compatible for Editor in 0.52 ms, found 2 plugins.
Preloading 0 native plugins for Editor in 0.00 ms.
Mono: successfully reloaded assembly
- Completed reload, in  1.933 seconds
Platform modules already initialized, skipping
========================================================================
Worker process is ready to serve import requests
Launched and connected shader compiler UnityShaderCompiler.exe after 0.07 seconds
Refreshing native plugins compatible for Editor in 0.80 ms, found 2 plugins.
Preloading 0 native plugins for Editor in 0.00 ms.
Unloading 1489 Unused Serialized files (Serialized files now loaded: 0)
System memory in use before: 67.3 MB.
System memory in use after: 67.4 MB.

Unloading 31 unused Assets to reduce memory usage. Loaded Objects now: 1910.
Total: 5.789464 ms (FindLiveObjects: 0.561087 ms CreateObjectMapping: 0.098183 ms MarkObjects: 4.990751 ms  DeleteObjects: 0.136733 ms)

========================================================================
Received Import Request.
  path: Assets/Scripts/Bitboard/Bitboard.cs
  artifactKey: Guid(794a73ef75d1a2a42bd0b31f7bde6b2b) Importer(815301076,1909f56bfc062723c751e8b465ee728b)
Start importing Assets/Scripts/Bitboard/Bitboard.cs using Guid(794a73ef75d1a2a42bd0b31f7bde6b2b) Importer(815301076,1909f56bfc062723c751e8b465ee728b)  -> (artifact id: 'b0fb6e3d6c59b4d0749487e228791544') in 0.109687 seconds
  Import took 0.114334 seconds .

========================================================================
Received Prepare
Registering precompiled user dll's ...
Registered in 0.013228 seconds.
Begin MonoManager ReloadAssembly
Native extension for WindowsStandalone target not found
Refreshing native plugins compatible for Editor in 1.26 ms, found 2 plugins.
Preloading 0 native plugins for Editor in 0.00 ms.
Mono: successfully reloaded assembly
- Completed reload, in  1.217 seconds
Platform modules already initialized, skipping
Refreshing native plugins compatible for Editor in 0.56 ms, found 2 plugins.
Preloading 0 native plugins for Editor in 0.00 ms.
Unloading 1483 Unused Serialized files (Serialized files now loaded: 0)
System memory in use before: 67.2 MB.
System memory in use after: 67.3 MB.

Unloading 26 unused Assets to reduce memory usage. Loaded Objects now: 1913.
Total: 2.263020 ms (FindLiveObjects: 0.383997 ms CreateObjectMapping: 0.122879 ms MarkObjects: 1.733556 ms  DeleteObjects: 0.020781 ms)

========================================================================
Received Import Request.
  Time since last request: 1723.708585 seconds.
  path: Assets/Scripts/Bitboard/Bitboard.cs
  artifactKey: Guid(794a73ef75d1a2a42bd0b31f7bde6b2b) Importer(815301076,1909f56bfc062723c751e8b465ee728b)
Start importing Assets/Scripts/Bitboard/Bitboard.cs using Guid(794a73ef75d1a2a42bd0b31f7bde6b2b) Importer(815301076,1909f56bfc062723c751e8b465ee728b)  -> (artifact id: '24719d909f5a3e8a68370854d64e3d6f') in 0.012289 seconds
  Import took 0.014816 seconds .

========================================================================
Received Prepare
Registering precompiled user dll's ...
Registered in 0.013978 seconds.
Begin MonoManager ReloadAssembly
Native extension for WindowsStandalone target not found
Refreshing native plugins compatible for Editor in 0.78 ms, found 2 plugins.
Preloading 0 native plugins for Editor in 0.00 ms.
Mono: successfully reloaded assembly
- Completed reload, in  1.227 seconds
Platform modules already initialized, skipping
Refreshing native plugins compatible for Editor in 0.58 ms, found 2 plugins.
Preloading 0 native plugins for Editor in 0.00 ms.
Unloading 1483 Unused Serialized files (Serialized files now loaded: 0)
System memory in use before: 67.2 MB.
System memory in use after: 67.3 MB.

Unloading 26 unused Assets to reduce memory usage. Loaded Objects now: 1916.
Total: 2.096772 ms (FindLiveObjects: 0.146069 ms CreateObjectMapping: 0.059934 ms MarkObjects: 1.851315 ms  DeleteObjects: 0.037948 ms)

========================================================================
Received Import Request.
  Time since last request: 502.423036 seconds.
  path: Assets/Scripts/Bitboard/Bitboard.cs
  artifactKey: Guid(794a73ef75d1a2a42bd0b31f7bde6b2b) Importer(815301076,1909f56bfc062723c751e8b465ee728b)
Start importing Assets/Scripts/Bitboard/Bitboard.cs using Guid(794a73ef75d1a2a42bd0b31f7bde6b2b) Importer(815301076,1909f56bfc062723c751e8b465ee728b)  -> (artifact id: '12666ffdd4cb283b54936f5ce59e22d1') in 0.007761 seconds
  Import took 0.010522 seconds .

========================================================================
Received Prepare
Registering precompiled user dll's ...
Registered in 0.013026 seconds.
Begin MonoManager ReloadAssembly
Native extension for WindowsStandalone target not found
Refreshing native plugins compatible for Editor in 0.53 ms, found 2 plugins.
Preloading 0 native plugins for Editor in 0.00 ms.
Mono: successfully reloaded assembly
- Completed reload, in  1.233 seconds
Platform modules already initialized, skipping
Refreshing native plugins compatible for Editor in 0.53 ms, found 2 plugins.
Preloading 0 native plugins for Editor in 0.00 ms.
Unloading 1483 Unused Serialized files (Serialized files now loaded: 0)
System memory in use before: 67.2 MB.
System memory in use after: 67.3 MB.

Unloading 26 unused Assets to reduce memory usage. Loaded Objects now: 1919.
Total: 2.089544 ms (FindLiveObjects: 0.146672 ms CreateObjectMapping: 0.058127 ms MarkObjects: 1.852520 ms  DeleteObjects: 0.030419 ms)

========================================================================
Received Import Request.
  Time since last request: 354.375955 seconds.
  path: Assets/Scripts/Bitboard/Bitboard.cs
  artifactKey: Guid(794a73ef75d1a2a42bd0b31f7bde6b2b) Importer(815301076,1909f56bfc062723c751e8b465ee728b)
Start importing Assets/Scripts/Bitboard/Bitboard.cs using Guid(794a73ef75d1a2a42bd0b31f7bde6b2b) Importer(815301076,1909f56bfc062723c751e8b465ee728b)  -> (artifact id: 'bdccb7b73b96e18eba1ae6d850517c1a') in 0.008163 seconds
  Import took 0.011407 seconds .

========================================================================
Received Prepare
Registering precompiled user dll's ...
Registered in 0.014060 seconds.
Begin MonoManager ReloadAssembly
Native extension for WindowsStandalone target not found
Refreshing native plugins compatible for Editor in 0.55 ms, found 2 plugins.
Preloading 0 native plugins for Editor in 0.00 ms.
Mono: successfully reloaded assembly
- Completed reload, in  1.180 seconds
Platform modules already initialized, skipping
Refreshing native plugins compatible for Editor in 0.57 ms, found 2 plugins.
Preloading 0 native plugins for Editor in 0.00 ms.
Unloading 1483 Unused Serialized files (Serialized files now loaded: 0)
System memory in use before: 67.2 MB.
System memory in use after: 67.3 MB.

Unloading 26 unused Assets to reduce memory usage. Loaded Objects now: 1922.
Total: 2.063342 ms (FindLiveObjects: 0.156912 ms CreateObjectMapping: 0.058127 ms MarkObjects: 1.825113 ms  DeleteObjects: 0.021986 ms)

========================================================================
Received Prepare
Registering precompiled user dll's ...
Registered in 0.019471 seconds.
Begin MonoManager ReloadAssembly
Native extension for WindowsStandalone target not found
Refreshing native plugins compatible for Editor in 0.54 ms, found 2 plugins.
Preloading 0 native plugins for Editor in 0.00 ms.
Mono: successfully reloaded assembly
- Completed reload, in  1.402 seconds
Platform modules already initialized, skipping
Refreshing native plugins compatible for Editor in 0.59 ms, found 2 plugins.
Preloading 0 native plugins for Editor in 0.00 ms.
Unloading 1483 Unused Serialized files (Serialized files now loaded: 0)
System memory in use before: 67.2 MB.
System memory in use after: 67.3 MB.

Unloading 26 unused Assets to reduce memory usage. Loaded Objects now: 1925.
Total: 2.219651 ms (FindLiveObjects: 0.215942 ms CreateObjectMapping: 0.079510 ms MarkObjects: 1.884444 ms  DeleteObjects: 0.037948 ms)

========================================================================
Received Prepare
Registering precompiled user dll's ...
Registered in 0.013356 seconds.
Begin MonoManager ReloadAssembly
Native extension for WindowsStandalone target not found
Refreshing native plugins compatible for Editor in 0.55 ms, found 2 plugins.
Preloading 0 native plugins for Editor in 0.00 ms.
Mono: successfully reloaded assembly
- Completed reload, in  1.224 seconds
Platform modules already initialized, skipping
Refreshing native plugins compatible for Editor in 0.59 ms, found 2 plugins.
Preloading 0 native plugins for Editor in 0.00 ms.
Unloading 1483 Unused Serialized files (Serialized files now loaded: 0)
System memory in use before: 67.2 MB.
System memory in use after: 67.3 MB.

Unloading 26 unused Assets to reduce memory usage. Loaded Objects now: 1928.
Total: 2.107313 ms (FindLiveObjects: 0.154502 ms CreateObjectMapping: 0.059632 ms MarkObjects: 1.872096 ms  DeleteObjects: 0.019877 ms)

========================================================================
Received Prepare
Registering precompiled user dll's ...
Registered in 0.015036 seconds.
Begin MonoManager ReloadAssembly
Native extension for WindowsStandalone target not found
Refreshing native plugins compatible for Editor in 0.55 ms, found 2 plugins.
Preloading 0 native plugins for Editor in 0.00 ms.
Mono: successfully reloaded assembly
- Completed reload, in  1.192 seconds
Platform modules already initialized, skipping
Refreshing native plugins compatible for Editor in 0.57 ms, found 2 plugins.
Preloading 0 native plugins for Editor in 0.00 ms.
Unloading 1483 Unused Serialized files (Serialized files now loaded: 0)
System memory in use before: 67.2 MB.
System memory in use after: 67.3 MB.

Unloading 26 unused Assets to reduce memory usage. Loaded Objects now: 1931.
Total: 2.045271 ms (FindLiveObjects: 0.166248 ms CreateObjectMapping: 0.059632 ms MarkObjects: 1.797706 ms  DeleteObjects: 0.019877 ms)

========================================================================
Received Prepare
Registering precompiled user dll's ...
Registered in 0.014899 seconds.
Begin MonoManager ReloadAssembly
Native extension for WindowsStandalone target not found
Refreshing native plugins compatible for Editor in 0.57 ms, found 2 plugins.
Preloading 0 native plugins for Editor in 0.00 ms.
Mono: successfully reloaded assembly
- Completed reload, in  1.218 seconds
Platform modules already initialized, skipping
Refreshing native plugins compatible for Editor in 0.58 ms, found 2 plugins.
Preloading 0 native plugins for Editor in 0.00 ms.
Unloading 1483 Unused Serialized files (Serialized files now loaded: 0)
System memory in use before: 67.2 MB.
System memory in use after: 67.3 MB.

Unloading 26 unused Assets to reduce memory usage. Loaded Objects now: 1934.
Total: 2.137430 ms (FindLiveObjects: 0.152093 ms CreateObjectMapping: 0.059331 ms MarkObjects: 1.904924 ms  DeleteObjects: 0.020179 ms)

========================================================================
Received Prepare
Registering precompiled user dll's ...
Registered in 0.013932 seconds.
Begin MonoManager ReloadAssembly
Native extension for WindowsStandalone target not found
Refreshing native plugins compatible for Editor in 0.54 ms, found 2 plugins.
Preloading 0 native plugins for Editor in 0.00 ms.
Mono: successfully reloaded assembly
- Completed reload, in  1.259 seconds
Platform modules already initialized, skipping
Refreshing native plugins compatible for Editor in 0.57 ms, found 2 plugins.
Preloading 0 native plugins for Editor in 0.00 ms.
Unloading 1483 Unused Serialized files (Serialized files now loaded: 0)
System memory in use before: 67.3 MB.
System memory in use after: 67.4 MB.

Unloading 26 unused Assets to reduce memory usage. Loaded Objects now: 1937.
Total: 2.246154 ms (FindLiveObjects: 0.161730 ms CreateObjectMapping: 0.060536 ms MarkObjects: 1.984735 ms  DeleteObjects: 0.037647 ms)

========================================================================
Received Prepare
Registering precompiled user dll's ...
Registered in 0.013393 seconds.
Begin MonoManager ReloadAssembly
Native extension for WindowsStandalone target not found
Refreshing native plugins compatible for Editor in 0.54 ms, found 2 plugins.
Preloading 0 native plugins for Editor in 0.00 ms.
Mono: successfully reloaded assembly
- Completed reload, in  1.220 seconds
Platform modules already initialized, skipping
Refreshing native plugins compatible for Editor in 0.57 ms, found 2 plugins.
Preloading 0 native plugins for Editor in 0.00 ms.
Unloading 1483 Unused Serialized files (Serialized files now loaded: 0)
System memory in use before: 67.3 MB.
System memory in use after: 67.4 MB.

Unloading 26 unused Assets to reduce memory usage. Loaded Objects now: 1940.
Total: 2.137129 ms (FindLiveObjects: 0.163236 ms CreateObjectMapping: 0.064451 ms MarkObjects: 1.888059 ms  DeleteObjects: 0.019877 ms)

========================================================================
Received Import Request.
  Time since last request: 17238.370242 seconds.
  path: Assets/Scripts/Bitboard/Bitboard.cs
  artifactKey: Guid(794a73ef75d1a2a42bd0b31f7bde6b2b) Importer(815301076,1909f56bfc062723c751e8b465ee728b)
Start importing Assets/Scripts/Bitboard/Bitboard.cs using Guid(794a73ef75d1a2a42bd0b31f7bde6b2b) Importer(815301076,1909f56bfc062723c751e8b465ee728b)  -> (artifact id: '0f437545aab9c75ab9d117c6ce750049') in 0.013908 seconds
  Import took 0.017188 seconds .

========================================================================
Received Import Request.
  Time since last request: 0.036325 seconds.
  path: Assets/Scripts/Bitboard/Bitboard.cs
  artifactKey: Guid(794a73ef75d1a2a42bd0b31f7bde6b2b) Importer(815301076,1909f56bfc062723c751e8b465ee728b)
Start importing Assets/Scripts/Bitboard/Bitboard.cs using Guid(794a73ef75d1a2a42bd0b31f7bde6b2b) Importer(815301076,1909f56bfc062723c751e8b465ee728b)  -> (artifact id: '0f437545aab9c75ab9d117c6ce750049') in 0.006285 seconds
  Import took 0.009588 seconds .

========================================================================
Received Prepare
Registering precompiled user dll's ...
Registered in 0.018079 seconds.
Begin MonoManager ReloadAssembly
Native extension for WindowsStandalone target not found
Refreshing native plugins compatible for Editor in 0.55 ms, found 2 plugins.
Preloading 0 native plugins for Editor in 0.00 ms.
Mono: successfully reloaded assembly
- Completed reload, in  1.240 seconds
Platform modules already initialized, skipping
Refreshing native plugins compatible for Editor in 0.55 ms, found 2 plugins.
Preloading 0 native plugins for Editor in 0.00 ms.
Unloading 1483 Unused Serialized files (Serialized files now loaded: 0)
System memory in use before: 67.3 MB.
System memory in use after: 67.4 MB.

Unloading 26 unused Assets to reduce memory usage. Loaded Objects now: 1943.
Total: 2.137129 ms (FindLiveObjects: 0.158719 ms CreateObjectMapping: 0.057524 ms MarkObjects: 1.886553 ms  DeleteObjects: 0.032828 ms)

========================================================================
Received Import Request.
  Time since last request: 152.146557 seconds.
  path: Assets/Scripts/Bitboard/Bitboard.cs
  artifactKey: Guid(794a73ef75d1a2a42bd0b31f7bde6b2b) Importer(815301076,1909f56bfc062723c751e8b465ee728b)
Start importing Assets/Scripts/Bitboard/Bitboard.cs using Guid(794a73ef75d1a2a42bd0b31f7bde6b2b) Importer(815301076,1909f56bfc062723c751e8b465ee728b)  -> (artifact id: '99dd7637acd5dac9ea2ad17554cd9933') in 0.007911 seconds
  Import took 0.011001 seconds .

========================================================================
Received Prepare
Registering precompiled user dll's ...
Registered in 0.013581 seconds.
Begin MonoManager ReloadAssembly
Native extension for WindowsStandalone target not found
Refreshing native plugins compatible for Editor in 0.54 ms, found 2 plugins.
Preloading 0 native plugins for Editor in 0.00 ms.
Mono: successfully reloaded assembly
- Completed reload, in  1.265 seconds
Platform modules already initialized, skipping
Refreshing native plugins compatible for Editor in 0.55 ms, found 2 plugins.
Preloading 0 native plugins for Editor in 0.00 ms.
Unloading 1483 Unused Serialized files (Serialized files now loaded: 0)
System memory in use before: 67.3 MB.
System memory in use after: 67.4 MB.

Unloading 26 unused Assets to reduce memory usage. Loaded Objects now: 1946.
Total: 2.024490 ms (FindLiveObjects: 0.152394 ms CreateObjectMapping: 0.060235 ms MarkObjects: 1.790779 ms  DeleteObjects: 0.019275 ms)

========================================================================
Received Prepare
Registering precompiled user dll's ...
Registered in 0.024489 seconds.
Begin MonoManager ReloadAssembly
Native extension for WindowsStandalone target not found
Refreshing native plugins compatible for Editor in 0.55 ms, found 2 plugins.
Preloading 0 native plugins for Editor in 0.00 ms.
Mono: successfully reloaded assembly
- Completed reload, in  1.191 seconds
Platform modules already initialized, skipping
Refreshing native plugins compatible for Editor in 0.55 ms, found 2 plugins.
Preloading 0 native plugins for Editor in 0.00 ms.
Unloading 1483 Unused Serialized files (Serialized files now loaded: 0)
System memory in use before: 67.3 MB.
System memory in use after: 67.4 MB.

Unloading 26 unused Assets to reduce memory usage. Loaded Objects now: 1949.
Total: 2.080207 ms (FindLiveObjects: 0.169561 ms CreateObjectMapping: 0.059632 ms MarkObjects: 1.827824 ms  DeleteObjects: 0.021383 ms)

========================================================================
Received Prepare
Registering precompiled user dll's ...
Registered in 0.013300 seconds.
Begin MonoManager ReloadAssembly
Native extension for WindowsStandalone target not found
Refreshing native plugins compatible for Editor in 0.57 ms, found 2 plugins.
Preloading 0 native plugins for Editor in 0.00 ms.
Mono: successfully reloaded assembly
- Completed reload, in  1.203 seconds
Platform modules already initialized, skipping
Refreshing native plugins compatible for Editor in 0.57 ms, found 2 plugins.
Preloading 0 native plugins for Editor in 0.00 ms.
Unloading 1483 Unused Serialized files (Serialized files now loaded: 0)
System memory in use before: 67.3 MB.
System memory in use after: 67.4 MB.

Unloading 26 unused Assets to reduce memory usage. Loaded Objects now: 1952.
Total: 2.155501 ms (FindLiveObjects: 0.159923 ms CreateObjectMapping: 0.061439 ms MarkObjects: 1.910044 ms  DeleteObjects: 0.022287 ms)

========================================================================
Received Prepare
Registering precompiled user dll's ...
Registered in 0.013754 seconds.
Begin MonoManager ReloadAssembly
Native extension for WindowsStandalone target not found
Refreshing native plugins compatible for Editor in 0.63 ms, found 2 plugins.
Preloading 0 native plugins for Editor in 0.00 ms.
Mono: successfully reloaded assembly
- Completed reload, in  1.219 seconds
Platform modules already initialized, skipping
Refreshing native plugins compatible for Editor in 0.53 ms, found 2 plugins.
Preloading 0 native plugins for Editor in 0.00 ms.
Unloading 1483 Unused Serialized files (Serialized files now loaded: 0)
System memory in use before: 67.3 MB.
System memory in use after: 67.4 MB.

Unloading 26 unused Assets to reduce memory usage. Loaded Objects now: 1955.
Total: 2.068462 ms (FindLiveObjects: 0.159622 ms CreateObjectMapping: 0.059934 ms MarkObjects: 1.825414 ms  DeleteObjects: 0.022287 ms)

========================================================================
Received Prepare
Registering precompiled user dll's ...
Registered in 0.196153 seconds.
Begin MonoManager ReloadAssembly
Native extension for WindowsStandalone target not found
Refreshing native plugins compatible for Editor in 0.95 ms, found 2 plugins.
Preloading 0 native plugins for Editor in 0.00 ms.
Mono: successfully reloaded assembly
- Completed reload, in  1.232 seconds
Platform modules already initialized, skipping
Refreshing native plugins compatible for Editor in 1.22 ms, found 2 plugins.
Preloading 0 native plugins for Editor in 0.00 ms.
Unloading 1483 Unused Serialized files (Serialized files now loaded: 0)
System memory in use before: 67.3 MB.
System memory in use after: 67.4 MB.

Unloading 26 unused Assets to reduce memory usage. Loaded Objects now: 1958.
Total: 4.221854 ms (FindLiveObjects: 0.304487 ms CreateObjectMapping: 0.129204 ms MarkObjects: 3.739374 ms  DeleteObjects: 0.046381 ms)

========================================================================
Received Prepare
Registering precompiled user dll's ...
Registered in 0.013766 seconds.
Begin MonoManager ReloadAssembly
Native extension for WindowsStandalone target not found
Refreshing native plugins compatible for Editor in 0.55 ms, found 2 plugins.
Preloading 0 native plugins for Editor in 0.00 ms.
Mono: successfully reloaded assembly
- Completed reload, in  1.310 seconds
Platform modules already initialized, skipping
Refreshing native plugins compatible for Editor in 0.73 ms, found 2 plugins.
Preloading 0 native plugins for Editor in 0.00 ms.
Unloading 1483 Unused Serialized files (Serialized files now loaded: 0)
System memory in use before: 67.3 MB.
System memory in use after: 67.4 MB.

Unloading 26 unused Assets to reduce memory usage. Loaded Objects now: 1961.
Total: 2.329880 ms (FindLiveObjects: 0.159622 ms CreateObjectMapping: 0.059331 ms MarkObjects: 2.080207 ms  DeleteObjects: 0.029214 ms)

========================================================================
Received Prepare
Registering precompiled user dll's ...
Registered in 0.013333 seconds.
Begin MonoManager ReloadAssembly
Native extension for WindowsStandalone target not found
Refreshing native plugins compatible for Editor in 0.76 ms, found 2 plugins.
Preloading 0 native plugins for Editor in 0.00 ms.
Mono: successfully reloaded assembly
- Completed reload, in  1.212 seconds
Platform modules already initialized, skipping
Refreshing native plugins compatible for Editor in 0.57 ms, found 2 plugins.
Preloading 0 native plugins for Editor in 0.00 ms.
Unloading 1483 Unused Serialized files (Serialized files now loaded: 0)
System memory in use before: 67.3 MB.
System memory in use after: 67.4 MB.

Unloading 26 unused Assets to reduce memory usage. Loaded Objects now: 1964.
Total: 2.169656 ms (FindLiveObjects: 0.159020 ms CreateObjectMapping: 0.058428 ms MarkObjects: 1.925705 ms  DeleteObjects: 0.024696 ms)

========================================================================
Received Prepare
Registering precompiled user dll's ...
Registered in 0.013497 seconds.
Begin MonoManager ReloadAssembly
Native extension for WindowsStandalone target not found
Refreshing native plugins compatible for Editor in 0.56 ms, found 2 plugins.
Preloading 0 native plugins for Editor in 0.00 ms.
Mono: successfully reloaded assembly
- Completed reload, in  1.251 seconds
Platform modules already initialized, skipping
Refreshing native plugins compatible for Editor in 0.54 ms, found 2 plugins.
Preloading 0 native plugins for Editor in 0.00 ms.
Unloading 1483 Unused Serialized files (Serialized files now loaded: 0)
System memory in use before: 67.3 MB.
System memory in use after: 67.4 MB.

Unloading 26 unused Assets to reduce memory usage. Loaded Objects now: 1967.
Total: 2.118758 ms (FindLiveObjects: 0.155707 ms CreateObjectMapping: 0.058729 ms MarkObjects: 1.865772 ms  DeleteObjects: 0.036743 ms)

========================================================================
Received Prepare
Registering precompiled user dll's ...
Registered in 0.013431 seconds.
Begin MonoManager ReloadAssembly
Native extension for WindowsStandalone target not found
Refreshing native plugins compatible for Editor in 0.56 ms, found 2 plugins.
Preloading 0 native plugins for Editor in 0.00 ms.
Mono: successfully reloaded assembly
- Completed reload, in  1.182 seconds
Platform modules already initialized, skipping
Refreshing native plugins compatible for Editor in 0.54 ms, found 2 plugins.
Preloading 0 native plugins for Editor in 0.00 ms.
Unloading 1483 Unused Serialized files (Serialized files now loaded: 0)
System memory in use before: 67.3 MB.
System memory in use after: 67.4 MB.

Unloading 26 unused Assets to reduce memory usage. Loaded Objects now: 1970.
Total: 2.098579 ms (FindLiveObjects: 0.158116 ms CreateObjectMapping: 0.074390 ms MarkObjects: 1.845593 ms  DeleteObjects: 0.019275 ms)

========================================================================
Received Prepare
Registering precompiled user dll's ...
Registered in 0.013238 seconds.
Begin MonoManager ReloadAssembly
Native extension for WindowsStandalone target not found
Refreshing native plugins compatible for Editor in 0.56 ms, found 2 plugins.
Preloading 0 native plugins for Editor in 0.00 ms.
Mono: successfully reloaded assembly
- Completed reload, in  1.196 seconds
Platform modules already initialized, skipping
Refreshing native plugins compatible for Editor in 0.54 ms, found 2 plugins.
Preloading 0 native plugins for Editor in 0.00 ms.
Unloading 1483 Unused Serialized files (Serialized files now loaded: 0)
System memory in use before: 67.3 MB.
System memory in use after: 67.4 MB.

Unloading 26 unused Assets to reduce memory usage. Loaded Objects now: 1973.
Total: 2.139539 ms (FindLiveObjects: 0.159020 ms CreateObjectMapping: 0.057825 ms MarkObjects: 1.892877 ms  DeleteObjects: 0.028612 ms)

========================================================================
Received Import Request.
  Time since last request: 322157.357297 seconds.
  path: Assets
  artifactKey: Guid(00000000000000001000000000000000) Importer(815301076,1909f56bfc062723c751e8b465ee728b)
Start importing Assets using Guid(00000000000000001000000000000000) Importer(815301076,1909f56bfc062723c751e8b465ee728b)  -> (artifact id: '42d402b061de3733987d63b9cc3b64de') in 0.016752 seconds
  Import took 0.065484 seconds .

========================================================================
Received Import Request.
  Time since last request: 7.694332 seconds.
  path: Assets/Sandbox
  artifactKey: Guid(687d5f3c46bf76345a87458d3de3f390) Importer(815301076,1909f56bfc062723c751e8b465ee728b)
Start importing Assets/Sandbox using Guid(687d5f3c46bf76345a87458d3de3f390) Importer(815301076,1909f56bfc062723c751e8b465ee728b)  -> (artifact id: '90eec773e7416968832c435e2075b311') in 0.011414 seconds
  Import took 0.029927 seconds .

========================================================================
Received Prepare
Registering precompiled user dll's ...
Registered in 0.020067 seconds.
Begin MonoManager ReloadAssembly
Native extension for WindowsStandalone target not found
Refreshing native plugins compatible for Editor in 0.60 ms, found 2 plugins.
Preloading 0 native plugins for Editor in 0.00 ms.
Mono: successfully reloaded assembly
- Completed reload, in  1.412 seconds
Platform modules already initialized, skipping
Refreshing native plugins compatible for Editor in 0.70 ms, found 2 plugins.
Preloading 0 native plugins for Editor in 0.00 ms.
Unloading 1483 Unused Serialized files (Serialized files now loaded: 0)
System memory in use before: 67.3 MB.
System memory in use after: 67.4 MB.

Unloading 26 unused Assets to reduce memory usage. Loaded Objects now: 1976.
Total: 2.138635 ms (FindLiveObjects: 0.170464 ms CreateObjectMapping: 0.059632 ms MarkObjects: 1.884444 ms  DeleteObjects: 0.022889 ms)

========================================================================
Received Prepare
Registering precompiled user dll's ...
Registered in 0.013891 seconds.
Begin MonoManager ReloadAssembly
Native extension for WindowsStandalone target not found
Refreshing native plugins compatible for Editor in 0.61 ms, found 2 plugins.
Preloading 0 native plugins for Editor in 0.00 ms.
Mono: successfully reloaded assembly
- Completed reload, in  1.418 seconds
Platform modules already initialized, skipping
Refreshing native plugins compatible for Editor in 0.54 ms, found 2 plugins.
Preloading 0 native plugins for Editor in 0.00 ms.
Unloading 1483 Unused Serialized files (Serialized files now loaded: 0)
System memory in use before: 67.3 MB.
System memory in use after: 67.4 MB.

Unloading 26 unused Assets to reduce memory usage. Loaded Objects now: 1979.
Total: 2.223867 ms (FindLiveObjects: 0.164140 ms CreateObjectMapping: 0.059632 ms MarkObjects: 1.977808 ms  DeleteObjects: 0.020179 ms)

========================================================================
Received Prepare
Registering precompiled user dll's ...
Registered in 0.013710 seconds.
Begin MonoManager ReloadAssembly
Native extension for WindowsStandalone target not found
Refreshing native plugins compatible for Editor in 0.57 ms, found 2 plugins.
Preloading 0 native plugins for Editor in 0.00 ms.
Mono: successfully reloaded assembly
- Completed reload, in  1.220 seconds
Platform modules already initialized, skipping
Refreshing native plugins compatible for Editor in 0.55 ms, found 2 plugins.
Preloading 0 native plugins for Editor in 0.00 ms.
Unloading 1483 Unused Serialized files (Serialized files now loaded: 0)
System memory in use before: 67.3 MB.
System memory in use after: 67.4 MB.

Unloading 26 unused Assets to reduce memory usage. Loaded Objects now: 1982.
Total: 2.137430 ms (FindLiveObjects: 0.162634 ms CreateObjectMapping: 0.058729 ms MarkObjects: 1.887757 ms  DeleteObjects: 0.027106 ms)

========================================================================
Received Prepare
Registering precompiled user dll's ...
Registered in 0.014825 seconds.
Begin MonoManager ReloadAssembly
Native extension for WindowsStandalone target not found
Refreshing native plugins compatible for Editor in 0.55 ms, found 2 plugins.
Preloading 0 native plugins for Editor in 0.00 ms.
Mono: successfully reloaded assembly
- Completed reload, in  1.268 seconds
Platform modules already initialized, skipping
Refreshing native plugins compatible for Editor in 0.54 ms, found 2 plugins.
Preloading 0 native plugins for Editor in 0.00 ms.
Unloading 1483 Unused Serialized files (Serialized files now loaded: 0)
System memory in use before: 67.3 MB.
System memory in use after: 67.5 MB.

Unloading 26 unused Assets to reduce memory usage. Loaded Objects now: 1985.
Total: 2.148273 ms (FindLiveObjects: 0.158719 ms CreateObjectMapping: 0.058428 ms MarkObjects: 1.890167 ms  DeleteObjects: 0.039755 ms)

========================================================================
Received Prepare
Registering precompiled user dll's ...
Registered in 0.014143 seconds.
Begin MonoManager ReloadAssembly
Native extension for WindowsStandalone target not found
Refreshing native plugins compatible for Editor in 0.55 ms, found 2 plugins.
Preloading 0 native plugins for Editor in 0.00 ms.
Mono: successfully reloaded assembly
- Completed reload, in  1.221 seconds
Platform modules already initialized, skipping
Refreshing native plugins compatible for Editor in 0.55 ms, found 2 plugins.
Preloading 0 native plugins for Editor in 0.00 ms.
Unloading 1483 Unused Serialized files (Serialized files now loaded: 0)
System memory in use before: 67.4 MB.
System memory in use after: 67.5 MB.

Unloading 26 unused Assets to reduce memory usage. Loaded Objects now: 1988.
Total: 2.338615 ms (FindLiveObjects: 0.209316 ms CreateObjectMapping: 0.059030 ms MarkObjects: 2.042260 ms  DeleteObjects: 0.025600 ms)

========================================================================
Received Import Request.
  Time since last request: 14276.495925 seconds.
  path: Assets/Scripts/Bitboard/Bitboard.cs
  artifactKey: Guid(794a73ef75d1a2a42bd0b31f7bde6b2b) Importer(815301076,1909f56bfc062723c751e8b465ee728b)
Start importing Assets/Scripts/Bitboard/Bitboard.cs using Guid(794a73ef75d1a2a42bd0b31f7bde6b2b) Importer(815301076,1909f56bfc062723c751e8b465ee728b)  -> (artifact id: 'ed3a4436b925956d4b8d89c8fc36c4f2') in 0.013410 seconds
  Import took 0.043609 seconds .

========================================================================
Received Import Request.
  Time since last request: 0.017640 seconds.
  path: Assets/Scripts/Bitboard/Bitboard.cs
  artifactKey: Guid(794a73ef75d1a2a42bd0b31f7bde6b2b) Importer(815301076,1909f56bfc062723c751e8b465ee728b)
Start importing Assets/Scripts/Bitboard/Bitboard.cs using Guid(794a73ef75d1a2a42bd0b31f7bde6b2b) Importer(815301076,1909f56bfc062723c751e8b465ee728b)  -> (artifact id: 'ed3a4436b925956d4b8d89c8fc36c4f2') in 0.004951 seconds
  Import took 0.007976 seconds .

